Seed Value: 0
Tiempo de Ejecución: 374.328 segundos
Costo del tour: 50943.5
Tour encontrado:

314 250 255 258 260 265 266 269 315 267 264 261 257 254 251 253 256 262 263 268 272 273 280 284 285 291 279 283 286 290 289 287 282 278 277 281 288 292 293 294 295 192 193 301 302 306 307 311 312 205 200 199 303 308 309 300 299 296 274 170 171 166 165 259 143 144 140 139 242 241 240 239 232 231 313 230 233 238 243 237 234 229 226 228 235 236 227 219 218 213 212 211 216 217 220 221 118 119 225 222 109 110 114 113 108 107 106 111 112 115 116 13 14 120 208 126 127 134 135 136 137 133 128 125 117 129 132 131 130 123 122 121 124 138 141 142 147 148 151 157 158 163 162 159 156 152 149 146 209 145 150 153 155 160 161 164 210 167 168 175 179 180 186 174 178 181 185 184 182 177 173 172 176 183 187 188 189 190 87 88 196 197 201 202 206 207 100 95 94 198 203 204 195 194 191 169 65 66 61 60 154 38 39 35 34 37 36 26 25 18 17 16 19 24 27 28 23 20 103 21 22 29 30 31 32 33 104 44 45 48 50 55 56 59 105 57 54 51 47 42 41 43 46 52 53 58 62 63 70 74 75 81 69 73 76 80 79 77 72 68 67 71 78 82 83 84 85 86 89 90 99 98 93 92 91 96 97 101 102 64 317 316 49 40 12 15 11 10 7 6 2 1 3 8 9 5 4 246 247 252 249 248 245 244 224 223 215 214 318 270 271 275 276 297 298 304 305 310 314 

--------------------------------------------------------------------------------------------------

Seed Value: 2
Tiempo de Ejecución: 323.906 segundos
Costo del tour: 51220.4
Tour encontrado:

96 97 101 102 92 91 85 83 82 78 71 68 67 72 77 79 84 64 80 76 73 69 74 75 81 70 63 62 105 56 55 50 48 45 40 49 316 317 59 57 54 51 47 44 41 43 46 52 53 58 42 37 36 26 25 18 16 12 19 24 27 28 23 20 103 21 22 29 30 31 32 104 33 15 11 10 7 6 2 1 3 8 9 17 14 13 116 115 112 111 107 106 4 5 120 208 126 127 134 135 136 137 133 128 125 124 129 132 131 130 123 121 122 114 113 108 117 138 141 142 147 148 151 157 158 163 162 159 156 152 149 146 209 145 150 153 155 160 161 164 210 167 168 175 179 180 186 174 178 181 185 184 182 177 173 172 176 183 187 188 189 190 87 88 196 197 201 202 206 207 100 95 94 198 203 204 195 194 191 169 65 66 61 60 154 38 39 35 34 140 139 242 241 240 239 232 231 313 230 233 238 243 237 234 229 226 228 235 236 227 219 218 213 212 211 216 217 220 221 118 119 225 222 109 110 143 144 250 255 258 260 265 266 269 315 267 264 261 257 254 251 253 256 262 263 268 272 273 280 284 285 291 279 283 286 290 289 287 282 278 277 281 288 292 293 294 295 192 193 301 302 306 307 311 312 205 200 199 303 308 309 300 299 296 274 170 171 166 165 259 314 246 247 252 249 248 245 244 224 223 215 214 318 270 271 275 276 297 298 304 305 310 99 98 90 89 93 86 96 

--------------------------------------------------------------------------------------------------

Seed Value: 25
Tiempo de Ejecución: 323.375 segundos
Costo del tour: 52710.1
Tour encontrado:

222 313 231 232 239 240 241 242 238 233 230 229 234 237 236 235 228 226 227 219 218 213 212 211 216 217 220 221 118 119 110 109 225 243 246 247 252 253 256 262 263 268 267 264 261 257 254 251 314 250 255 258 260 265 266 269 315 272 273 280 284 285 291 279 283 286 290 289 287 282 278 277 281 288 292 293 294 295 192 193 301 302 306 307 311 312 205 200 199 303 308 309 300 299 296 274 170 171 166 165 259 143 144 140 139 142 141 131 130 123 121 122 124 129 132 133 128 125 208 126 127 134 135 136 137 138 209 145 150 153 155 160 161 164 210 162 159 156 152 149 146 148 151 157 158 163 167 168 175 179 180 186 174 178 181 185 184 182 177 173 172 176 183 187 188 189 190 87 88 196 197 201 202 206 207 100 95 94 198 203 204 195 194 191 169 65 66 61 60 154 38 39 35 34 14 13 116 115 112 111 107 106 4 5 120 117 114 113 108 37 42 43 46 52 53 58 57 54 51 47 44 41 104 40 45 48 50 55 56 59 105 62 63 70 74 75 81 69 73 76 80 79 77 72 68 67 71 78 82 83 84 85 86 89 90 99 98 93 92 91 96 97 101 102 64 317 316 49 32 31 30 29 22 21 103 20 23 28 33 27 24 19 16 18 25 26 17 9 8 3 2 1 6 7 10 11 15 12 36 147 245 244 248 249 318 270 271 275 276 297 298 304 305 310 224 223 215 214 222 

--------------------------------------------------------------------------------------------------

Seed Value: 51
Tiempo de Ejecución: 333.797 segundos
Costo del tour: 51002.4
Tour encontrado:

42 43 46 52 53 58 57 54 51 47 44 41 104 40 45 48 50 55 56 59 105 62 63 70 74 75 81 69 73 76 80 79 77 72 68 67 71 78 82 83 84 85 86 89 90 99 98 93 92 91 96 97 101 102 64 317 316 49 32 31 30 29 22 21 103 20 23 28 33 27 24 19 16 18 25 26 17 9 8 3 2 1 6 7 10 11 15 12 36 37 35 34 137 136 135 134 127 126 208 125 128 133 138 132 129 124 121 123 130 131 122 114 113 108 107 106 111 112 115 116 13 14 120 117 4 5 38 39 145 150 153 155 160 161 164 210 162 159 156 152 149 146 148 151 157 158 163 167 168 175 179 180 186 174 178 181 185 184 182 177 173 172 176 183 187 188 189 190 87 88 196 197 201 202 206 207 100 95 94 198 203 204 195 194 191 169 65 66 61 60 154 209 141 142 147 144 143 250 255 258 260 265 266 269 315 267 264 261 257 254 251 253 256 262 263 268 272 273 280 284 285 291 279 283 286 290 289 287 282 278 277 281 288 292 293 294 295 192 193 301 302 306 307 311 312 205 200 199 303 308 309 300 299 296 274 170 171 166 165 259 314 243 238 233 230 313 231 232 239 240 241 242 139 140 119 118 221 220 217 216 212 211 109 110 225 222 229 234 237 236 235 228 226 227 213 218 219 215 214 223 224 244 245 248 249 246 247 252 318 270 271 275 276 297 298 304 305 310 42 

--------------------------------------------------------------------------------------------------

Seed Value: 13
Tiempo de Ejecución: 324.234 segundos
Costo del tour: 51560.7
Tour encontrado:

63 62 70 74 75 81 69 73 76 80 79 77 72 68 67 71 78 82 83 84 85 86 89 90 99 98 93 92 91 96 97 101 102 64 105 56 55 50 48 45 40 49 316 317 59 57 54 51 47 44 41 43 46 52 53 58 42 37 36 26 25 18 16 12 19 24 27 28 23 20 103 21 22 29 30 31 32 104 33 15 11 10 7 6 2 1 3 8 9 17 14 13 116 115 112 111 107 106 4 5 120 208 126 127 134 137 136 135 133 128 125 124 129 132 131 130 123 121 122 114 113 108 117 138 141 142 147 148 151 157 158 163 162 159 156 152 149 146 209 145 150 153 155 160 161 164 210 167 168 175 179 180 186 174 178 181 185 184 182 177 173 172 176 183 187 188 189 190 87 88 196 197 201 202 206 207 100 95 94 198 203 204 195 194 191 169 65 66 61 60 154 38 39 35 34 140 139 242 241 240 239 232 231 313 230 233 238 243 237 234 229 226 228 235 236 227 219 218 213 212 211 216 217 220 221 118 119 225 222 109 110 143 144 250 255 258 260 265 266 269 315 267 264 261 257 254 251 253 256 262 263 268 272 273 280 284 285 291 279 283 286 290 289 287 282 278 277 281 288 292 293 294 295 192 193 301 302 306 307 311 312 205 200 199 303 308 309 300 299 296 274 170 171 166 165 259 314 246 247 252 249 248 245 244 224 223 215 214 318 270 271 275 276 297 298 304 305 310 63 

--------------------------------------------------------------------------------------------------

Seed Value: 1312
Tiempo de Ejecución: 355.328 segundos
Costo del tour: 53767
Tour encontrado:

142 141 131 130 123 122 121 124 129 132 133 128 125 208 126 127 134 135 136 137 138 209 145 150 153 155 160 161 164 210 162 159 156 152 149 146 148 151 157 158 163 167 168 175 179 180 186 174 178 181 185 184 182 177 173 172 176 183 187 188 189 190 87 88 196 197 201 202 206 207 100 95 94 198 203 204 195 194 191 169 65 66 61 60 154 38 39 35 34 14 13 116 115 112 111 107 106 4 5 120 117 108 113 114 110 109 216 217 220 221 118 119 225 313 231 232 239 242 241 240 238 233 230 229 234 237 236 235 228 226 227 219 218 213 212 211 222 243 246 247 252 253 256 262 263 268 267 264 261 257 254 251 314 250 255 258 260 265 266 269 315 272 273 280 284 285 291 279 283 286 290 289 287 282 278 277 281 288 292 293 294 295 192 193 301 302 306 307 311 312 205 200 199 303 308 309 300 299 296 274 170 171 166 165 259 143 144 140 139 147 42 43 46 52 53 58 57 54 51 47 44 41 104 40 45 48 50 55 56 59 105 62 63 70 74 75 81 69 73 76 80 79 77 72 68 67 71 78 82 83 84 85 86 89 90 99 98 93 92 91 96 97 101 102 64 317 316 49 32 31 30 29 22 21 103 20 23 28 33 27 24 19 16 18 25 26 17 9 8 3 2 1 6 7 10 11 15 12 36 37 245 244 248 249 318 270 271 275 276 297 298 304 305 310 224 223 214 215 142 

--------------------------------------------------------------------------------------------------

