Seed Value: 0
Tiempo de Ejecución: 1.10938 segundos
Costo del tour: 509.312
Tour encontrado:

50 9 49 10 30 34 21 29 16 38 5 11 32 1 22 28 31 8 26 7 23 48 27 51 46 12 47 4 17 37 44 42 19 40 41 13 25 14 24 43 6 18 15 45 33 39 20 35 36 3 2 50 

--------------------------------------------------------------------------------------------------

Seed Value: 2
Tiempo de Ejecución: 2.03125 segundos
Costo del tour: 484.588
Tour encontrado:

38 11 32 27 1 22 28 31 8 26 7 23 6 51 46 12 47 18 4 17 37 44 42 40 19 41 13 25 14 24 43 48 5 15 45 33 39 10 49 9 30 34 50 16 21 29 35 36 3 20 2 38 

--------------------------------------------------------------------------------------------------

Seed Value: 25
Tiempo de Ejecución: 1.76562 segundos
Costo del tour: 464.62
Tour encontrado:

6 23 48 27 51 12 47 18 4 17 37 44 42 19 40 41 13 25 14 24 43 7 26 8 31 28 3 36 35 20 29 21 34 30 39 10 9 50 16 2 22 1 32 11 38 49 33 45 15 5 46 6 

--------------------------------------------------------------------------------------------------

Seed Value: 51
Tiempo de Ejecución: 3.57812 segundos
Costo del tour: 486.722
Tour encontrado:

5 2 3 28 31 26 8 22 1 32 51 46 12 47 18 4 17 37 44 42 19 40 41 13 25 14 24 43 7 23 6 48 27 11 38 49 9 50 16 21 29 20 35 36 34 30 10 39 33 45 15 5 

--------------------------------------------------------------------------------------------------

Seed Value: 13
Tiempo de Ejecución: 6.90625 segundos
Costo del tour: 470.597
Tour encontrado:

44 37 17 18 4 42 19 40 41 13 25 14 6 27 46 51 47 12 5 2 20 36 35 3 22 28 31 8 26 7 43 24 23 48 1 32 11 38 9 50 16 29 21 34 30 49 10 39 33 45 15 44 

--------------------------------------------------------------------------------------------------

Seed Value: 1312
Tiempo de Ejecución: 2.625 segundos
Costo del tour: 464.312
Tour encontrado:

46 12 47 18 4 17 37 44 42 19 40 41 13 25 14 24 43 7 23 6 51 11 38 49 9 50 16 2 29 21 34 30 39 10 33 45 15 5 27 48 8 26 31 28 3 36 35 20 22 1 32 46 

--------------------------------------------------------------------------------------------------

