Seed Value: 2
Tiempo de Ejecución: 600.422 segundos
Costo del tour: 18473.3
Tour encontrado:

97 98 88 83 74 66 61 54 45 38 31 32 37 36 33 28 27 26 25 21 24 22 23 29 30 34 39 47 52 46 53 62 75 82 89 90 96 95 94 93 101 102 103 104 105 114 113 112 106 107 111 110 109 108 120 119 118 117 116 115 122 121 123 124 169 125 126 130 131 132 133 136 135 134 140 141 143 142 147 148 153 152 150 151 163 164 165 166 172 171 128 170 127 129 137 144 145 146 149 162 161 160 159 158 157 156 155 154 139 138 168 167 79 92 91 80 78 64 77 76 81 65 51 50 63 49 48 35 20 19 18 17 16 15 14 40 41 57 58 69 71 85 86 100 99 87 84 73 72 68 67 70 60 59 56 55 44 43 42 13 12 11 10 9 8 5 4 3 6 7 2 1 173 174 175 177 181 183 182 189 190 191 188 184 180 178 194 179 185 187 192 193 186 196 197 198 195 176 97 

--------------------------------------------------------------------------------------------------

Seed Value: 25
Tiempo de Ejecución: 601.281 segundos
Costo del tour: 17672.9
Tour encontrado:

171 137 144 141 135 133 130 131 132 134 140 142 147 146 149 148 153 152 162 161 160 159 158 157 156 155 154 139 138 123 118 119 109 110 111 107 106 112 113 114 105 104 103 102 101 93 94 95 96 90 89 82 83 88 98 97 75 62 53 46 52 47 39 34 33 30 29 28 27 26 25 21 24 22 23 18 19 20 35 48 49 63 79 92 91 80 64 78 77 76 81 65 50 51 36 37 32 31 38 45 54 61 66 74 70 67 68 72 73 84 87 99 100 86 85 71 69 58 57 59 60 55 44 56 43 42 41 14 15 17 16 40 13 12 11 10 9 8 5 4 3 6 7 2 1 115 122 121 116 117 120 124 125 126 170 127 129 136 143 145 150 151 163 164 165 166 172 128 169 108 167 168 182 183 181 177 175 176 173 174 178 180 184 185 179 194 195 198 197 196 186 193 192 187 191 188 189 190 171 

--------------------------------------------------------------------------------------------------

Seed Value: 51
Tiempo de Ejecución: 600.625 segundos
Costo del tour: 18577.4
Tour encontrado:

36 37 32 31 38 45 54 61 66 74 83 88 98 97 89 90 96 95 94 93 101 102 103 104 105 114 113 112 106 107 111 110 109 108 120 119 118 117 116 115 122 121 123 124 169 125 126 131 130 133 132 134 135 136 141 140 142 143 146 147 148 149 150 151 163 164 165 166 172 171 128 170 127 129 137 144 145 152 162 161 153 160 159 158 157 156 155 154 139 138 168 167 79 92 91 80 78 64 77 76 81 65 52 47 39 34 33 30 29 28 27 26 25 21 24 22 23 18 19 20 35 48 49 63 50 51 46 53 62 75 82 70 67 68 72 73 84 87 99 100 86 85 71 69 58 57 42 43 56 44 55 60 59 41 14 15 17 16 40 13 12 11 10 9 8 5 4 3 6 7 2 1 173 174 175 177 181 183 182 189 190 191 188 184 180 178 194 179 185 187 192 193 186 196 197 198 195 176 36 

--------------------------------------------------------------------------------------------------

Seed Value: 13
Tiempo de Ejecución: 600.047 segundos
Costo del tour: 18830
Tour encontrado:

36 37 31 32 30 28 27 26 25 21 24 22 23 29 33 34 39 47 52 46 53 62 61 54 45 38 44 55 56 59 60 70 67 68 72 73 84 87 99 100 86 85 71 69 58 57 43 42 41 40 14 15 16 17 18 19 20 35 48 49 63 79 92 91 80 78 64 77 76 81 65 75 82 83 88 98 97 89 90 96 95 101 94 93 102 103 104 105 114 113 112 106 107 111 110 109 108 120 119 118 117 116 115 122 121 123 124 169 125 126 130 131 132 133 136 135 134 140 141 143 142 147 149 146 145 150 151 163 164 165 166 172 171 128 170 127 129 137 144 148 153 152 162 161 160 159 158 157 156 155 154 139 138 168 167 50 51 66 74 13 12 11 10 9 8 5 4 3 6 7 2 1 173 174 175 177 181 183 182 189 190 191 188 184 180 178 194 179 185 187 192 193 186 196 197 198 195 176 36 

--------------------------------------------------------------------------------------------------

Seed Value: 1312
Tiempo de Ejecución: 601.75 segundos
Costo del tour: 18419.4
Tour encontrado:

2 7 6 3 4 5 8 9 10 11 12 13 41 40 14 15 16 17 18 19 20 21 24 25 26 27 28 29 30 32 31 38 37 36 33 34 39 47 52 46 53 62 61 54 45 44 55 56 59 60 70 67 68 72 73 84 87 99 100 86 85 71 69 58 57 42 43 66 74 83 88 98 97 89 90 96 95 94 93 101 102 103 104 105 114 113 112 106 107 111 110 109 108 120 119 118 117 116 115 122 121 123 124 169 125 126 130 131 132 133 136 135 134 140 141 143 142 147 148 146 145 150 151 163 164 165 166 172 171 128 170 127 129 137 144 149 152 162 161 153 160 159 158 157 156 155 154 139 138 168 167 79 92 91 80 78 64 77 76 81 82 75 65 51 50 63 49 48 35 23 22 176 173 174 175 177 181 183 182 189 190 191 188 184 180 178 194 179 185 187 192 193 186 195 196 197 198 1 2 

--------------------------------------------------------------------------------------------------

