Seed Value: 2
Tiempo de Ejecución: 14.0312 segundos
Costo del tour: 468.67
Tour encontrado:

2 16 11 32 1 22 28 31 8 26 7 23 48 27 51 46 47 18 4 17 37 44 42 19 40 41 13 25 14 24 43 6 12 15 45 33 39 10 49 5 38 9 30 34 50 21 29 20 35 36 3 2 

--------------------------------------------------------------------------------------------------

Seed Value: 25
Tiempo de Ejecución: 13.5625 segundos
Costo del tour: 465.55
Tour encontrado:

6 23 48 27 51 46 12 47 4 17 37 44 42 19 40 41 13 25 14 24 43 7 26 8 31 28 3 36 35 20 29 21 34 30 39 10 9 50 16 2 22 1 32 11 38 5 49 33 45 15 18 6 

--------------------------------------------------------------------------------------------------

Seed Value: 51
Tiempo de Ejecución: 14.2656 segundos
Costo del tour: 490.139
Tour encontrado:

5 11 22 28 31 26 8 48 6 27 51 46 12 47 18 4 17 37 44 42 19 40 41 13 25 14 24 43 7 23 1 32 16 50 9 49 10 39 30 34 21 29 20 35 36 3 2 38 33 45 15 5 

--------------------------------------------------------------------------------------------------

Seed Value: 13
Tiempo de Ejecución: 13.5469 segundos
Costo del tour: 503.017
Tour encontrado:

37 17 18 4 44 42 19 40 41 13 25 14 6 48 27 51 46 47 12 5 38 11 32 1 22 28 31 8 26 7 43 24 23 2 16 50 9 49 30 34 21 29 20 35 36 3 10 39 33 45 15 37 

--------------------------------------------------------------------------------------------------

Seed Value: 1312
Tiempo de Ejecución: 13.8438 segundos
Costo del tour: 463.335
Tour encontrado:

46 12 47 18 4 17 37 44 42 19 40 41 13 25 14 24 43 7 23 6 51 11 38 49 9 50 16 2 29 21 34 30 10 39 33 45 15 5 27 48 8 26 31 28 3 36 35 20 22 1 32 46 

--------------------------------------------------------------------------------------------------

