Seed Value: 2
Tiempo de Ejecución: 229.266 segundos
Costo del tour: 25328.7
Tour encontrado:

42 89 31 80 56 97 75 19 53 79 18 24 38 99 36 84 10 72 21 74 59 17 15 11 32 45 23 98 91 47 63 6 49 90 92 8 1 93 28 67 58 61 25 81 69 73 50 44 2 54 40 64 68 85 39 30 96 78 52 5 37 33 76 13 95 82 48 100 41 71 14 3 43 46 29 34 83 55 12 27 35 86 20 57 7 9 87 51 62 60 77 4 65 26 66 70 22 94 16 88 42 

--------------------------------------------------------------------------------------------------

Seed Value: 25
Tiempo de Ejecución: 202.234 segundos
Costo del tour: 24900.3
Tour encontrado:

57 25 81 69 73 50 44 2 54 40 64 68 85 39 30 96 78 52 5 37 33 76 13 95 82 48 100 41 71 14 3 43 46 29 34 83 55 27 35 86 12 7 9 87 51 61 58 67 28 93 1 63 6 49 90 10 84 72 21 74 59 17 15 11 32 45 23 98 91 47 92 8 42 89 31 80 56 97 75 19 53 79 18 24 38 36 99 94 88 16 22 70 66 26 65 4 77 60 62 20 57 

--------------------------------------------------------------------------------------------------

Seed Value: 51
Tiempo de Ejecución: 204.625 segundos
Costo del tour: 23131.2
Tour encontrado:

67 58 51 61 25 81 69 73 50 44 2 54 40 64 68 85 39 30 96 78 52 5 37 33 76 13 95 82 48 100 71 41 14 3 43 46 29 34 83 55 12 27 35 86 20 57 7 9 87 77 62 60 23 98 91 45 32 11 15 17 59 74 21 72 84 36 99 38 24 18 79 53 88 16 94 22 70 66 26 65 4 56 80 31 89 42 8 92 1 63 6 49 75 97 19 90 10 47 93 28 67 

--------------------------------------------------------------------------------------------------

Seed Value: 13
Tiempo de Ejecución: 202.406 segundos
Costo del tour: 23956.1
Tour encontrado:

80 31 89 42 8 92 1 63 6 49 90 10 84 72 21 74 59 17 15 11 32 45 23 98 91 47 93 28 67 58 61 25 81 69 73 50 44 2 54 40 64 68 85 39 30 96 78 52 5 37 33 76 13 95 82 48 100 71 41 14 3 43 46 29 34 55 83 12 27 35 86 20 57 7 9 87 51 62 60 77 75 19 53 79 18 24 38 36 99 94 88 16 22 70 66 26 65 4 97 56 80 

--------------------------------------------------------------------------------------------------

Seed Value: 1312
Tiempo de Ejecución: 203.688 segundos
Costo del tour: 23956.1
Tour encontrado:

80 31 89 42 8 92 1 63 6 49 90 10 84 72 21 74 59 17 15 11 32 45 23 98 91 47 93 28 67 58 61 25 81 69 73 50 44 2 54 40 64 68 85 39 30 96 78 52 5 37 33 76 13 95 82 48 100 71 41 14 3 43 46 29 34 55 83 12 27 35 86 20 57 7 9 87 51 62 60 77 75 19 53 79 18 24 38 36 99 94 88 16 22 70 66 26 65 4 97 56 80 

--------------------------------------------------------------------------------------------------

