Seed Value: 2
Tiempo de Ejecución: 16.3125 segundos
Costo del tour: 485.733
Tour encontrado:

11 38 46 32 1 22 28 31 8 26 7 23 48 27 51 12 47 18 4 17 37 44 42 19 40 41 13 25 14 24 43 6 5 15 45 33 39 10 49 9 30 34 50 16 21 29 35 36 3 20 2 11 

--------------------------------------------------------------------------------------------------

Seed Value: 25
Tiempo de Ejecución: 17.1562 segundos
Costo del tour: 465.55
Tour encontrado:

6 23 48 27 51 46 12 47 4 17 37 44 42 19 40 41 13 25 14 24 43 7 26 8 31 28 3 36 35 20 29 21 34 30 39 10 9 50 16 2 22 1 32 11 38 5 49 33 45 15 18 6 

--------------------------------------------------------------------------------------------------

Seed Value: 51
Tiempo de Ejecución: 19.8281 segundos
Costo del tour: 498.135
Tour encontrado:

39 10 49 38 11 32 1 22 8 48 27 46 51 5 12 47 18 17 4 19 40 42 41 13 25 14 6 23 7 43 24 26 31 28 3 36 35 20 29 21 34 30 9 50 16 2 37 44 15 45 33 39 

--------------------------------------------------------------------------------------------------

Seed Value: 13
Tiempo de Ejecución: 15.1562 segundos
Costo del tour: 505.624
Tour encontrado:

37 17 18 4 44 42 19 40 41 13 25 14 6 48 27 51 46 47 12 5 38 11 32 1 22 28 31 8 26 7 43 24 23 2 16 50 9 49 10 30 34 21 29 20 3 36 35 39 33 45 15 37 

--------------------------------------------------------------------------------------------------

Seed Value: 1312
Tiempo de Ejecución: 14.2344 segundos
Costo del tour: 464.312
Tour encontrado:

46 12 47 18 4 17 37 44 42 19 40 41 13 25 14 24 43 7 23 6 51 11 38 49 9 50 16 2 29 21 34 30 39 10 33 45 15 5 27 48 8 26 31 28 3 36 35 20 22 1 32 46 

--------------------------------------------------------------------------------------------------

