Seed Value: 2
Tiempo de Ejecución: 264.578 segundos
Costo del tour: 25433.4
Tour encontrado:

42 89 31 80 56 97 75 19 53 79 18 24 38 99 36 84 10 72 21 74 59 15 17 11 32 45 23 98 91 47 63 49 90 6 92 8 1 93 28 67 58 61 25 81 69 73 50 44 2 54 40 64 68 85 39 30 96 52 78 5 37 33 76 13 95 82 48 100 41 71 14 3 43 46 29 34 83 55 12 27 35 86 20 57 7 9 87 51 62 60 77 4 65 26 66 70 16 22 94 88 42 

--------------------------------------------------------------------------------------------------

Seed Value: 25
Tiempo de Ejecución: 289.203 segundos
Costo del tour: 24900.3
Tour encontrado:

57 25 81 69 73 50 44 2 54 40 64 68 85 39 30 96 78 52 5 37 33 76 13 95 82 48 100 41 71 14 3 43 46 29 34 83 55 27 35 86 12 7 9 87 51 61 58 67 28 93 1 63 6 49 90 10 84 72 21 74 59 17 15 11 32 45 23 98 91 47 92 8 42 89 31 80 56 97 75 19 53 79 18 24 38 36 99 94 88 16 22 70 66 26 65 4 77 60 62 20 57 

--------------------------------------------------------------------------------------------------

Seed Value: 51
Tiempo de Ejecución: 305.703 segundos
Costo del tour: 23160.1
Tour encontrado:

67 58 61 51 25 81 69 73 50 44 2 54 40 64 68 85 39 30 96 52 78 5 37 33 76 13 95 82 48 100 41 71 14 3 43 46 29 34 83 55 12 27 35 86 20 57 7 9 87 77 62 60 23 98 91 45 32 11 17 15 59 74 21 72 84 36 99 38 24 18 79 53 16 88 94 22 70 66 26 65 4 56 80 31 89 42 8 92 1 63 6 49 75 97 19 90 10 47 93 28 67 

--------------------------------------------------------------------------------------------------

Seed Value: 13
Tiempo de Ejecución: 252.547 segundos
Costo del tour: 23973
Tour encontrado:

80 31 89 42 8 92 1 63 6 49 90 84 10 72 21 74 59 15 17 11 32 45 23 98 91 47 93 28 67 58 61 25 81 69 73 50 44 2 54 40 64 68 85 39 30 96 52 78 5 37 33 76 13 95 82 48 100 41 71 14 3 43 46 29 34 83 55 12 27 35 86 20 57 7 9 87 51 62 60 77 75 19 53 79 18 24 38 36 99 94 88 16 22 70 66 26 65 4 97 56 80 

--------------------------------------------------------------------------------------------------

Seed Value: 1312
Tiempo de Ejecución: 233.281 segundos
Costo del tour: 23973
Tour encontrado:

80 31 89 42 8 92 1 63 6 49 90 84 10 72 21 74 59 15 17 11 32 45 23 98 91 47 93 28 67 58 61 25 81 69 73 50 44 2 54 40 64 68 85 39 30 96 52 78 5 37 33 76 13 95 82 48 100 41 71 14 3 43 46 29 34 83 55 12 27 35 86 20 57 7 9 87 51 62 60 77 75 19 53 79 18 24 38 36 99 94 88 16 22 70 66 26 65 4 97 56 80 

--------------------------------------------------------------------------------------------------

